(0000) 3000  0011000000000000 (  13)                 .ORIG x3000
(3000) E028  1110000000101000 (  14)                 LEA   R0 pSTR
(3001) F022  1111000000100010 (  15)                 TRAP  x22
(3002) F020  1111000000100000 (  16)                 TRAP  x20
(3003) F021  1111000000100001 (  17)                 TRAP  x21
(3004) 1420  0001010000100000 (  19)                 ADD   R2 R0 #0
(3005) 94BF  1001010010111111 (  20)                 NOT   R2 R2
(3006) 14A1  0001010010100001 (  21)                 ADD   R2 R2 #1
(3007) E891  1110100010010001 (  23)                 LEA   R4 Array
(3008) 56E0  0101011011100000 (  24)                 AND   R3 R3 #0
(3009) 2C1E  0010110000011110 (  26)                 LD    R6 N
(300A) 9DBF  1001110110111111 (  27)                 NOT   R6 R6
(300B) 1DA1  0001110110100001 (  28)                 ADD   R6 R6 #1
(300C) 201B  0010000000011011 (  30)                 LD    R0 N
(300D) F021  1111000000100001 (  31)                 TRAP  x21
(300E) E037  1110000000110111 (  33)                 LEA   R0 sSTR
(300F) F022  1111000000100010 (  34)                 TRAP  x22
(3010) F020  1111000000100000 (  36) Loop            TRAP  x20
(3011) F021  1111000000100001 (  37)                 TRAP  x21
(3012) 7100  0111000100000000 (  38)                 STR   R0 R4 #0
(3013) 1921  0001100100100001 (  39)                 ADD   R4 R4 #1
(3014) 1202  0001001000000010 (  40)                 ADD   R1 R0 R2
(3015) 0A01  0000101000000001 (  41)                 BRNP  stop
(3016) 16E1  0001011011100001 (  42)                 ADD   R3 R3 #1
(3017) 1006  0001000000000110 (  43) stop            ADD   R0 R0 R6
(3018) 0BF7  0000101111110111 (  45)                 BRNP  Loop
(3019) 23F7  0010001111110111 (  47)                 LD    R1 x3011
(301A) 12F7  0001001011110111 (  48)                 ADD   R1 R3 #-9
(301B) 0207  0000001000000111 (  49)                 BRP   else
(301C) 2A0A  0010101000001010 (  50)                 LD    R5 Zero
(301D) 1343  0001001101000011 (  51)                 ADD   R1 R5 R3
(301E) E048  1110000001001000 (  52)                 LEA   R0 count
(301F) F022  1111000000100010 (  53)                 TRAP  x22
(3020) 1060  0001000001100000 (  54)                 ADD   R0 R1 #0
(3021) F021  1111000000100001 (  55)                 TRAP  x21
(3022) 0E02  0000111000000010 (  56)                 BRNZP Done
(3023) E053  1110000001010011 (  58) else            LEA   R0 errSTR
(3024) F022  1111000000100010 (  59)                 TRAP  x22
(3025) F025  1111000000100101 (  61) Done            TRAP  x25
(3026) FFF7  1111111111110111 (  64) Nine            .FILL xFFF7
(3027) 0030  0000000000110000 (  65) Zero            .FILL x0030
(3028) 000A  0000000000001010 (  66) N               .FILL x000A
(3029) 0045  0000000001000101 (  67) pSTR            .FILL x0045
(302A) 006E  0000000001101110 (  67)                 .FILL x006E
(302B) 0074  0000000001110100 (  67)                 .FILL x0074
(302C) 0065  0000000001100101 (  67)                 .FILL x0065
(302D) 0072  0000000001110010 (  67)                 .FILL x0072
(302E) 0020  0000000000100000 (  67)                 .FILL x0020
(302F) 0061  0000000001100001 (  67)                 .FILL x0061
(3030) 0020  0000000000100000 (  67)                 .FILL x0020
(3031) 0063  0000000001100011 (  67)                 .FILL x0063
(3032) 0068  0000000001101000 (  67)                 .FILL x0068
(3033) 0061  0000000001100001 (  67)                 .FILL x0061
(3034) 0072  0000000001110010 (  67)                 .FILL x0072
(3035) 0020  0000000000100000 (  67)                 .FILL x0020
(3036) 0074  0000000001110100 (  67)                 .FILL x0074
(3037) 006F  0000000001101111 (  67)                 .FILL x006F
(3038) 0020  0000000000100000 (  67)                 .FILL x0020
(3039) 0073  0000000001110011 (  67)                 .FILL x0073
(303A) 0065  0000000001100101 (  67)                 .FILL x0065
(303B) 0061  0000000001100001 (  67)                 .FILL x0061
(303C) 0072  0000000001110010 (  67)                 .FILL x0072
(303D) 0063  0000000001100011 (  67)                 .FILL x0063
(303E) 0068  0000000001101000 (  67)                 .FILL x0068
(303F) 0020  0000000000100000 (  67)                 .FILL x0020
(3040) 0066  0000000001100110 (  67)                 .FILL x0066
(3041) 006F  0000000001101111 (  67)                 .FILL x006F
(3042) 0072  0000000001110010 (  67)                 .FILL x0072
(3043) 003A  0000000000111010 (  67)                 .FILL x003A
(3044) 0020  0000000000100000 (  67)                 .FILL x0020
(3045) 0000  0000000000000000 (  67)                 .FILL x0000
(3046) 0045  0000000001000101 (  68) sSTR            .FILL x0045
(3047) 006E  0000000001101110 (  68)                 .FILL x006E
(3048) 0074  0000000001110100 (  68)                 .FILL x0074
(3049) 0065  0000000001100101 (  68)                 .FILL x0065
(304A) 0072  0000000001110010 (  68)                 .FILL x0072
(304B) 0020  0000000000100000 (  68)                 .FILL x0020
(304C) 0073  0000000001110011 (  68)                 .FILL x0073
(304D) 0074  0000000001110100 (  68)                 .FILL x0074
(304E) 0072  0000000001110010 (  68)                 .FILL x0072
(304F) 0069  0000000001101001 (  68)                 .FILL x0069
(3050) 006E  0000000001101110 (  68)                 .FILL x006E
(3051) 0067  0000000001100111 (  68)                 .FILL x0067
(3052) 0020  0000000000100000 (  68)                 .FILL x0020
(3053) 0074  0000000001110100 (  68)                 .FILL x0074
(3054) 006F  0000000001101111 (  68)                 .FILL x006F
(3055) 0020  0000000000100000 (  68)                 .FILL x0020
(3056) 0073  0000000001110011 (  68)                 .FILL x0073
(3057) 0065  0000000001100101 (  68)                 .FILL x0065
(3058) 0061  0000000001100001 (  68)                 .FILL x0061
(3059) 0072  0000000001110010 (  68)                 .FILL x0072
(305A) 0063  0000000001100011 (  68)                 .FILL x0063
(305B) 0068  0000000001101000 (  68)                 .FILL x0068
(305C) 0020  0000000000100000 (  68)                 .FILL x0020
(305D) 0074  0000000001110100 (  68)                 .FILL x0074
(305E) 0068  0000000001101000 (  68)                 .FILL x0068
(305F) 0072  0000000001110010 (  68)                 .FILL x0072
(3060) 006F  0000000001101111 (  68)                 .FILL x006F
(3061) 0075  0000000001110101 (  68)                 .FILL x0075
(3062) 0067  0000000001100111 (  68)                 .FILL x0067
(3063) 0068  0000000001101000 (  68)                 .FILL x0068
(3064) 003A  0000000000111010 (  68)                 .FILL x003A
(3065) 0020  0000000000100000 (  68)                 .FILL x0020
(3066) 0000  0000000000000000 (  68)                 .FILL x0000
(3067) 0054  0000000001010100 (  69) count           .FILL x0054
(3068) 0068  0000000001101000 (  69)                 .FILL x0068
(3069) 0065  0000000001100101 (  69)                 .FILL x0065
(306A) 0020  0000000000100000 (  69)                 .FILL x0020
(306B) 0063  0000000001100011 (  69)                 .FILL x0063
(306C) 006F  0000000001101111 (  69)                 .FILL x006F
(306D) 0075  0000000001110101 (  69)                 .FILL x0075
(306E) 006E  0000000001101110 (  69)                 .FILL x006E
(306F) 0074  0000000001110100 (  69)                 .FILL x0074
(3070) 0020  0000000000100000 (  69)                 .FILL x0020
(3071) 0077  0000000001110111 (  69)                 .FILL x0077
(3072) 0061  0000000001100001 (  69)                 .FILL x0061
(3073) 0073  0000000001110011 (  69)                 .FILL x0073
(3074) 003A  0000000000111010 (  69)                 .FILL x003A
(3075) 0020  0000000000100000 (  69)                 .FILL x0020
(3076) 0000  0000000000000000 (  69)                 .FILL x0000
(3077) 0054  0000000001010100 (  70) errSTR          .FILL x0054
(3078) 0068  0000000001101000 (  70)                 .FILL x0068
(3079) 0065  0000000001100101 (  70)                 .FILL x0065
(307A) 0072  0000000001110010 (  70)                 .FILL x0072
(307B) 0065  0000000001100101 (  70)                 .FILL x0065
(307C) 0020  0000000000100000 (  70)                 .FILL x0020
(307D) 0077  0000000001110111 (  70)                 .FILL x0077
(307E) 0065  0000000001100101 (  70)                 .FILL x0065
(307F) 0072  0000000001110010 (  70)                 .FILL x0072
(3080) 0020  0000000000100000 (  70)                 .FILL x0020
(3081) 006D  0000000001101101 (  70)                 .FILL x006D
(3082) 006F  0000000001101111 (  70)                 .FILL x006F
(3083) 0072  0000000001110010 (  70)                 .FILL x0072
(3084) 0065  0000000001100101 (  70)                 .FILL x0065
(3085) 0020  0000000000100000 (  70)                 .FILL x0020
(3086) 0074  0000000001110100 (  70)                 .FILL x0074
(3087) 0068  0000000001101000 (  70)                 .FILL x0068
(3088) 0061  0000000001100001 (  70)                 .FILL x0061
(3089) 006E  0000000001101110 (  70)                 .FILL x006E
(308A) 0020  0000000000100000 (  70)                 .FILL x0020
(308B) 0039  0000000000111001 (  70)                 .FILL x0039
(308C) 0020  0000000000100000 (  70)                 .FILL x0020
(308D) 006F  0000000001101111 (  70)                 .FILL x006F
(308E) 0063  0000000001100011 (  70)                 .FILL x0063
(308F) 0063  0000000001100011 (  70)                 .FILL x0063
(3090) 0075  0000000001110101 (  70)                 .FILL x0075
(3091) 0072  0000000001110010 (  70)                 .FILL x0072
(3092) 0072  0000000001110010 (  70)                 .FILL x0072
(3093) 0065  0000000001100101 (  70)                 .FILL x0065
(3094) 006E  0000000001101110 (  70)                 .FILL x006E
(3095) 0063  0000000001100011 (  70)                 .FILL x0063
(3096) 0065  0000000001100101 (  70)                 .FILL x0065
(3097) 0073  0000000001110011 (  70)                 .FILL x0073
(3098) 0000  0000000000000000 (  70)                 .FILL x0000
(3099) 0000  0000000000000000 (  72) Array           .FILL x0000
(309A) 0000  0000000000000000 (  72)                 .FILL x0000
(309B) 0000  0000000000000000 (  72)                 .FILL x0000
(309C) 0000  0000000000000000 (  72)                 .FILL x0000
(309D) 0000  0000000000000000 (  72)                 .FILL x0000
(309E) 0000  0000000000000000 (  72)                 .FILL x0000
(309F) 0000  0000000000000000 (  72)                 .FILL x0000
(30A0) 0000  0000000000000000 (  72)                 .FILL x0000
(30A1) 0000  0000000000000000 (  72)                 .FILL x0000
(30A2) 0000  0000000000000000 (  72)                 .FILL x0000
(30A3) 0000  0000000000000000 (  72)                 .FILL x0000
(30A4) 0000  0000000000000000 (  72)                 .FILL x0000
(30A5) 0000  0000000000000000 (  72)                 .FILL x0000
(30A6) 0000  0000000000000000 (  72)                 .FILL x0000
(30A7) 0000  0000000000000000 (  72)                 .FILL x0000
(30A8) 0000  0000000000000000 (  72)                 .FILL x0000
(30A9) 0000  0000000000000000 (  72)                 .FILL x0000
(30AA) 0000  0000000000000000 (  72)                 .FILL x0000
(30AB) 0000  0000000000000000 (  72)                 .FILL x0000
(30AC) 0000  0000000000000000 (  72)                 .FILL x0000
(30AD) 0000  0000000000000000 (  72)                 .FILL x0000
(30AE) 0000  0000000000000000 (  72)                 .FILL x0000
(30AF) 0000  0000000000000000 (  72)                 .FILL x0000
(30B0) 0000  0000000000000000 (  72)                 .FILL x0000
(30B1) 0000  0000000000000000 (  72)                 .FILL x0000
(30B2) 0000  0000000000000000 (  72)                 .FILL x0000
(30B3) 0000  0000000000000000 (  72)                 .FILL x0000
(30B4) 0000  0000000000000000 (  72)                 .FILL x0000
(30B5) 0000  0000000000000000 (  72)                 .FILL x0000
(30B6) 0000  0000000000000000 (  72)                 .FILL x0000
(30B7) 0000  0000000000000000 (  72)                 .FILL x0000
(30B8) 0000  0000000000000000 (  72)                 .FILL x0000
(30B9) 0000  0000000000000000 (  72)                 .FILL x0000
(30BA) 0000  0000000000000000 (  72)                 .FILL x0000
(30BB) 0000  0000000000000000 (  72)                 .FILL x0000
(30BC) 0000  0000000000000000 (  72)                 .FILL x0000
(30BD) 0000  0000000000000000 (  72)                 .FILL x0000
(30BE) 0000  0000000000000000 (  72)                 .FILL x0000
(30BF) 0000  0000000000000000 (  72)                 .FILL x0000
(30C0) 0000  0000000000000000 (  72)                 .FILL x0000
(30C1) 0000  0000000000000000 (  72)                 .FILL x0000
(30C2) 0000  0000000000000000 (  72)                 .FILL x0000
(30C3) 0000  0000000000000000 (  72)                 .FILL x0000
(30C4) 0000  0000000000000000 (  72)                 .FILL x0000
(30C5) 0000  0000000000000000 (  72)                 .FILL x0000
(30C6) 0000  0000000000000000 (  72)                 .FILL x0000
(30C7) 0000  0000000000000000 (  72)                 .FILL x0000
(30C8) 0000  0000000000000000 (  72)                 .FILL x0000
(30C9) 0000  0000000000000000 (  72)                 .FILL x0000
(30CA) 0000  0000000000000000 (  72)                 .FILL x0000
(30CB) 0000  0000000000000000 (  72)                 .FILL x0000
(30CC) 0000  0000000000000000 (  72)                 .FILL x0000
(30CD) 0000  0000000000000000 (  72)                 .FILL x0000
(30CE) 0000  0000000000000000 (  72)                 .FILL x0000
(30CF) 0000  0000000000000000 (  72)                 .FILL x0000
(30D0) 0000  0000000000000000 (  72)                 .FILL x0000
(30D1) 0000  0000000000000000 (  72)                 .FILL x0000
(30D2) 0000  0000000000000000 (  72)                 .FILL x0000
(30D3) 0000  0000000000000000 (  72)                 .FILL x0000
(30D4) 0000  0000000000000000 (  72)                 .FILL x0000
(30D5) 0000  0000000000000000 (  72)                 .FILL x0000
(30D6) 0000  0000000000000000 (  72)                 .FILL x0000
(30D7) 0000  0000000000000000 (  72)                 .FILL x0000
(30D8) 0000  0000000000000000 (  72)                 .FILL x0000
(30D9) 0000  0000000000000000 (  72)                 .FILL x0000
(30DA) 0000  0000000000000000 (  72)                 .FILL x0000
(30DB) 0000  0000000000000000 (  72)                 .FILL x0000
(30DC) 0000  0000000000000000 (  72)                 .FILL x0000
(30DD) 0000  0000000000000000 (  72)                 .FILL x0000
(30DE) 0000  0000000000000000 (  72)                 .FILL x0000
(30DF) 0000  0000000000000000 (  72)                 .FILL x0000
(30E0) 0000  0000000000000000 (  72)                 .FILL x0000
(30E1) 0000  0000000000000000 (  72)                 .FILL x0000
(30E2) 0000  0000000000000000 (  72)                 .FILL x0000
(30E3) 0000  0000000000000000 (  72)                 .FILL x0000
(30E4) 0000  0000000000000000 (  72)                 .FILL x0000
(30E5) 0000  0000000000000000 (  72)                 .FILL x0000
(30E6) 0000  0000000000000000 (  72)                 .FILL x0000
(30E7) 0000  0000000000000000 (  72)                 .FILL x0000
(30E8) 0000  0000000000000000 (  72)                 .FILL x0000
(30E9) 0000  0000000000000000 (  72)                 .FILL x0000
(30EA) 0000  0000000000000000 (  72)                 .FILL x0000
(30EB) 0000  0000000000000000 (  72)                 .FILL x0000
(30EC) 0000  0000000000000000 (  72)                 .FILL x0000
(30ED) 0000  0000000000000000 (  72)                 .FILL x0000
(30EE) 0000  0000000000000000 (  72)                 .FILL x0000
(30EF) 0000  0000000000000000 (  72)                 .FILL x0000
(30F0) 0000  0000000000000000 (  72)                 .FILL x0000
(30F1) 0000  0000000000000000 (  72)                 .FILL x0000
(30F2) 0000  0000000000000000 (  72)                 .FILL x0000
(30F3) 0000  0000000000000000 (  72)                 .FILL x0000
(30F4) 0000  0000000000000000 (  72)                 .FILL x0000
(30F5) 0000  0000000000000000 (  72)                 .FILL x0000
(30F6) 0000  0000000000000000 (  72)                 .FILL x0000
(30F7) 0000  0000000000000000 (  72)                 .FILL x0000
(30F8) 0000  0000000000000000 (  72)                 .FILL x0000
(30F9) 0000  0000000000000000 (  72)                 .FILL x0000
(30FA) 0000  0000000000000000 (  72)                 .FILL x0000
(30FB) 0000  0000000000000000 (  72)                 .FILL x0000
(30FC) 0000  0000000000000000 (  72)                 .FILL x0000
