(0000) 3000  0011000000000000 (   9)                 .ORIG x3000
(3000) 2011  0010000000010001 (  10)                 LD    R0 X
(3001) 2214  0010001000010100 (  11)                 LD    R1 L
(3002) 2410  0010010000010000 (  12)                 LD    R2 N
(3003) 2A10  0010101000010000 (  13)                 LD    R5 P
(3004) 9B7F  1001101101111111 (  14)                 NOT   R5 R5
(3005) 0409  0000010000001001 (  16) Loop            BRZ   Done
(3006) 1241  0001001001000001 (  17)                 ADD   R1 R1 R1
(3007) 1020  0001000000100000 (  18)                 ADD   R0 R0 #0
(3008) 0603  0000011000000011 (  19)                 BRZP  NOTneg
(3009) 967F  1001011001111111 (  20)                 NOT   R3 R1
(300A) 58C5  0101100011000101 (  21)                 AND   R4 R3 R5
(300B) 933F  1001001100111111 (  22)                 NOT   R1 R4
(300C) 1000  0001000000000000 (  24) NOTneg          ADD   R0 R0 R0
(300D) 14BF  0001010010111111 (  25)                 ADD   R2 R2 #-1
(300E) 0FF6  0000111111110110 (  26)                 BRNZP Loop
(300F) 3206  0011001000000110 (  29) Done            ST    R1 L
(3010) 3004  0011000000000100 (  30)                 ST    R0 R
(3011) F025  1111000000100101 (  31)                 TRAP  x25
(3012) FFFF  1111111111111111 (  33) X               .FILL xFFFF
(3013) 0005  0000000000000101 (  34) N               .FILL x0005
(3014) 0001  0000000000000001 (  35) P               .FILL x0001
(3015) 0000  0000000000000000 (  37) R               .FILL x0000
(3016) 0000  0000000000000000 (  39) L               .FILL x0000
